[debug] [2021-03-05T17:59:09.709Z] ----------------------------------------------------------------------
[debug] [2021-03-05T17:59:09.710Z] Command:       C:\Program Files\nodejs\node.exe C:\Users\wmilo\AppData\Roaming\npm\node_modules\firebase-tools\lib\bin\firebase.js deploy --only functions
[debug] [2021-03-05T17:59:09.711Z] CLI Version:   9.5.0
[debug] [2021-03-05T17:59:09.711Z] Platform:      win32
[debug] [2021-03-05T17:59:09.711Z] Node Version:  v14.15.4
[debug] [2021-03-05T17:59:09.712Z] Time:          Fri Mar 05 2021 18:59:09 GMT+0100 (czas środkowoeuropejski standardowy)
[debug] [2021-03-05T17:59:09.712Z] ----------------------------------------------------------------------
[debug] [2021-03-05T17:59:09.712Z] 
[debug] [2021-03-05T17:59:09.720Z] > command requires scopes: ["email","openid","https://www.googleapis.com/auth/cloudplatformprojects.readonly","https://www.googleapis.com/auth/firebase","https://www.googleapis.com/auth/cloud-platform"]
[debug] [2021-03-05T17:59:09.721Z] > authorizing via signed-in user
[debug] [2021-03-05T17:59:09.721Z] [iam] checking project tablicaszubin for permissions ["cloudfunctions.functions.create","cloudfunctions.functions.delete","cloudfunctions.functions.get","cloudfunctions.functions.list","cloudfunctions.functions.update","cloudfunctions.operations.get","firebase.projects.get"]
[debug] [2021-03-05T17:59:09.723Z] > refreshing access token with scopes: ["email","https://www.googleapis.com/auth/cloud-platform","https://www.googleapis.com/auth/cloudplatformprojects.readonly","https://www.googleapis.com/auth/firebase","openid"]
[debug] [2021-03-05T17:59:09.723Z] >>> HTTP REQUEST POST https://www.googleapis.com/oauth2/v3/token  
 <request body omitted>
[debug] [2021-03-05T17:59:09.956Z] <<< HTTP RESPONSE 200 {"date":"Fri, 05 Mar 2021 17:59:10 GMT","cache-control":"no-cache, no-store, max-age=0, must-revalidate","pragma":"no-cache","expires":"Mon, 01 Jan 1990 00:00:00 GMT","content-type":"application/json; charset=utf-8","vary":"X-Origin, Referer, Origin,Accept-Encoding","server":"scaffolding on HTTPServer2","x-xss-protection":"0","x-frame-options":"SAMEORIGIN","x-content-type-options":"nosniff","alt-svc":"h3-29=\":443\"; ma=2592000,h3-T051=\":443\"; ma=2592000,h3-Q050=\":443\"; ma=2592000,h3-Q046=\":443\"; ma=2592000,h3-Q043=\":443\"; ma=2592000,quic=\":443\"; ma=2592000; v=\"46,43\"","accept-ranges":"none","transfer-encoding":"chunked"}
[debug] [2021-03-05T17:59:09.965Z] >>> HTTP REQUEST POST https://cloudresourcemanager.googleapis.com/v1/projects/tablicaszubin:testIamPermissions  
 {"permissions":["cloudfunctions.functions.create","cloudfunctions.functions.delete","cloudfunctions.functions.get","cloudfunctions.functions.list","cloudfunctions.functions.update","cloudfunctions.operations.get","firebase.projects.get"]}
[debug] [2021-03-05T17:59:10.868Z] <<< HTTP RESPONSE 200 {"content-type":"application/json; charset=UTF-8","vary":"X-Origin, Referer, Origin,Accept-Encoding","date":"Fri, 05 Mar 2021 17:59:11 GMT","server":"ESF","cache-control":"private","x-xss-protection":"0","x-frame-options":"SAMEORIGIN","x-content-type-options":"nosniff","server-timing":"gfet4t7; dur=711","alt-svc":"h3-29=\":443\"; ma=2592000,h3-T051=\":443\"; ma=2592000,h3-Q050=\":443\"; ma=2592000,h3-Q046=\":443\"; ma=2592000,h3-Q043=\":443\"; ma=2592000,quic=\":443\"; ma=2592000; v=\"46,43\"","accept-ranges":"none","transfer-encoding":"chunked"}
[debug] [2021-03-05T17:59:10.869Z] >>> HTTP REQUEST POST https://iam.googleapis.com/v1/projects/tablicaszubin/serviceAccounts/tablicaszubin@appspot.gserviceaccount.com:testIamPermissions  
 {"permissions":["iam.serviceAccounts.actAs"]}
[debug] [2021-03-05T17:59:11.750Z] <<< HTTP RESPONSE 200 {"content-type":"application/json; charset=UTF-8","vary":"X-Origin, Referer, Origin,Accept-Encoding","date":"Fri, 05 Mar 2021 17:59:12 GMT","server":"ESF","cache-control":"private","x-xss-protection":"0","x-frame-options":"SAMEORIGIN","x-content-type-options":"nosniff","alt-svc":"h3-29=\":443\"; ma=2592000,h3-T051=\":443\"; ma=2592000,h3-Q050=\":443\"; ma=2592000,h3-Q046=\":443\"; ma=2592000,h3-Q043=\":443\"; ma=2592000,quic=\":443\"; ma=2592000; v=\"46,43\"","accept-ranges":"none","transfer-encoding":"chunked"}
[info] 
[info] === Deploying to 'tablicaszubin'...
[info] 
[info] i  deploying functions 
[info] Running command: npm --prefix "$RESOURCE_DIR" run build
[info] +  functions: Finished running predeploy script. 
[info] i  functions: ensuring required API cloudfunctions.googleapis.com is enabled... 
[info] i  functions: ensuring required API cloudbuild.googleapis.com is enabled... 
[debug] [2021-03-05T17:59:22.670Z] >>> HTTP REQUEST GET https://serviceusage.googleapis.com/v1/projects/tablicaszubin/services/cloudfunctions.googleapis.com  
 
[debug] [2021-03-05T17:59:22.670Z] >>> HTTP REQUEST GET https://serviceusage.googleapis.com/v1/projects/tablicaszubin/services/runtimeconfig.googleapis.com  
 
[debug] [2021-03-05T17:59:22.670Z] >>> HTTP REQUEST GET https://serviceusage.googleapis.com/v1/projects/tablicaszubin/services/cloudbuild.googleapis.com  
 
[debug] [2021-03-05T17:59:23.758Z] <<< HTTP RESPONSE 200 {"content-type":"application/json; charset=UTF-8","vary":"X-Origin, Referer, Origin,Accept-Encoding","date":"Fri, 05 Mar 2021 17:59:24 GMT","server":"ESF","cache-control":"private","x-xss-protection":"0","x-frame-options":"SAMEORIGIN","x-content-type-options":"nosniff","alt-svc":"h3-29=\":443\"; ma=2592000,h3-T051=\":443\"; ma=2592000,h3-Q050=\":443\"; ma=2592000,h3-Q046=\":443\"; ma=2592000,h3-Q043=\":443\"; ma=2592000,quic=\":443\"; ma=2592000; v=\"46,43\"","accept-ranges":"none","transfer-encoding":"chunked"}
[debug] [2021-03-05T17:59:23.797Z] <<< HTTP RESPONSE 200 {"content-type":"application/json; charset=UTF-8","vary":"X-Origin, Referer, Origin,Accept-Encoding","date":"Fri, 05 Mar 2021 17:59:24 GMT","server":"ESF","cache-control":"private","x-xss-protection":"0","x-frame-options":"SAMEORIGIN","x-content-type-options":"nosniff","alt-svc":"h3-29=\":443\"; ma=2592000,h3-T051=\":443\"; ma=2592000,h3-Q050=\":443\"; ma=2592000,h3-Q046=\":443\"; ma=2592000,h3-Q043=\":443\"; ma=2592000,quic=\":443\"; ma=2592000; v=\"46,43\"","accept-ranges":"none","transfer-encoding":"chunked"}
[info] +  functions: required API cloudbuild.googleapis.com is enabled 
[debug] [2021-03-05T17:59:23.823Z] <<< HTTP RESPONSE 200 {"content-type":"application/json; charset=UTF-8","vary":"X-Origin, Referer, Origin,Accept-Encoding","date":"Fri, 05 Mar 2021 17:59:24 GMT","server":"ESF","cache-control":"private","x-xss-protection":"0","x-frame-options":"SAMEORIGIN","x-content-type-options":"nosniff","alt-svc":"h3-29=\":443\"; ma=2592000,h3-T051=\":443\"; ma=2592000,h3-Q050=\":443\"; ma=2592000,h3-Q046=\":443\"; ma=2592000,h3-Q043=\":443\"; ma=2592000,quic=\":443\"; ma=2592000; v=\"46,43\"","accept-ranges":"none","transfer-encoding":"chunked"}
[info] +  functions: required API cloudfunctions.googleapis.com is enabled 
[debug] [2021-03-05T17:59:23.824Z] >>> HTTP REQUEST GET https://firebase.googleapis.com/v1beta1/projects/tablicaszubin/adminSdkConfig  
 
[debug] [2021-03-05T17:59:24.260Z] <<< HTTP RESPONSE 200 {"content-type":"application/json; charset=UTF-8","vary":"X-Origin, Referer, Origin,Accept-Encoding","date":"Fri, 05 Mar 2021 17:59:24 GMT","server":"ESF","cache-control":"private","x-xss-protection":"0","x-frame-options":"SAMEORIGIN","x-content-type-options":"nosniff","alt-svc":"h3-29=\":443\"; ma=2592000,h3-T051=\":443\"; ma=2592000,h3-Q050=\":443\"; ma=2592000,h3-Q046=\":443\"; ma=2592000,h3-Q043=\":443\"; ma=2592000,quic=\":443\"; ma=2592000; v=\"46,43\"","accept-ranges":"none","transfer-encoding":"chunked"}
[info] i  functions: preparing functions directory for uploading... 
[debug] [2021-03-05T17:59:24.261Z] >>> HTTP REQUEST GET https://runtimeconfig.googleapis.com/v1beta1/projects/tablicaszubin/configs  
 
[debug] [2021-03-05T17:59:26.711Z] <<< HTTP RESPONSE 200 {"content-type":"application/json; charset=UTF-8","vary":"X-Origin, Referer, Origin,Accept-Encoding","date":"Fri, 05 Mar 2021 17:59:26 GMT","server":"ESF","cache-control":"private","x-xss-protection":"0","x-frame-options":"SAMEORIGIN","x-content-type-options":"nosniff","alt-svc":"h3-29=\":443\"; ma=2592000,h3-T051=\":443\"; ma=2592000,h3-Q050=\":443\"; ma=2592000,h3-Q046=\":443\"; ma=2592000,h3-Q043=\":443\"; ma=2592000,quic=\":443\"; ma=2592000; v=\"46,43\"","accept-ranges":"none","transfer-encoding":"chunked"}
[info] i  functions: packaged functions (57.33 KB) for uploading 
[debug] [2021-03-05T17:59:27.277Z] > [functions] package.json contents: {
  "name": "functions",
  "scripts": {
    "lint": "tslint --project tsconfig.json",
    "build": "tsc",
    "serve": "npm run build && firebase emulators:start --only functions",
    "shell": "npm run build && firebase functions:shell",
    "start": "npm run shell",
    "deploy": "firebase deploy --only functions",
    "logs": "firebase functions:log"
  },
  "engines": {
    "node": "14"
  },
  "main": "lib/index.js",
  "dependencies": {
    "dotenv": "^8.2.0",
    "firebase-admin": "^9.5.0",
    "firebase-functions": "^3.13.2"
  },
  "devDependencies": {
    "@types/dotenv": "^8.2.0",
    "firebase-functions-test": "^0.2.3",
    "tslint": "^6.1.3",
    "typescript": "^4.2.2"
  },
  "private": true
}
[debug] [2021-03-05T17:59:27.278Z] >>> HTTP REQUEST GET https://cloudfunctions.googleapis.com/v1/projects/tablicaszubin/locations/-/functions  
 
[debug] [2021-03-05T17:59:27.931Z] <<< HTTP RESPONSE 200 {"content-type":"application/json; charset=UTF-8","vary":"X-Origin, Referer, Origin,Accept-Encoding","date":"Fri, 05 Mar 2021 17:59:28 GMT","server":"ESF","cache-control":"private","x-xss-protection":"0","x-frame-options":"SAMEORIGIN","x-content-type-options":"nosniff","alt-svc":"h3-29=\":443\"; ma=2592000,h3-T051=\":443\"; ma=2592000,h3-Q050=\":443\"; ma=2592000,h3-Q046=\":443\"; ma=2592000,h3-Q043=\":443\"; ma=2592000,quic=\":443\"; ma=2592000; v=\"46,43\"","accept-ranges":"none","transfer-encoding":"chunked"}
[debug] [2021-03-05T17:59:27.932Z] [functions] found 1 new HTTP functions, testing setIamPolicy permission...
[debug] [2021-03-05T17:59:27.932Z] >>> HTTP REQUEST POST https://cloudresourcemanager.googleapis.com/v1/projects/tablicaszubin:testIamPermissions  
 {"permissions":["cloudfunctions.functions.setIamPolicy"]}
[debug] [2021-03-05T17:59:28.754Z] <<< HTTP RESPONSE 200 {"content-type":"application/json; charset=UTF-8","vary":"X-Origin, Referer, Origin,Accept-Encoding","date":"Fri, 05 Mar 2021 17:59:29 GMT","server":"ESF","cache-control":"private","x-xss-protection":"0","x-frame-options":"SAMEORIGIN","x-content-type-options":"nosniff","server-timing":"gfet4t7; dur=691","alt-svc":"h3-29=\":443\"; ma=2592000,h3-T051=\":443\"; ma=2592000,h3-Q050=\":443\"; ma=2592000,h3-Q046=\":443\"; ma=2592000,h3-Q043=\":443\"; ma=2592000,quic=\":443\"; ma=2592000; v=\"46,43\"","accept-ranges":"none","transfer-encoding":"chunked"}
[debug] [2021-03-05T17:59:28.754Z] [functions] found setIamPolicy permission, proceeding with deploy
[debug] [2021-03-05T17:59:28.754Z] >>> HTTP REQUEST POST https://cloudfunctions.googleapis.com/v1/projects/tablicaszubin/locations/us-central1/functions:generateUploadUrl  
 
[debug] [2021-03-05T17:59:29.559Z] <<< HTTP RESPONSE 200 {"content-type":"application/json; charset=UTF-8","vary":"X-Origin, Referer, Origin,Accept-Encoding","date":"Fri, 05 Mar 2021 17:59:29 GMT","server":"ESF","cache-control":"private","x-xss-protection":"0","x-frame-options":"SAMEORIGIN","x-content-type-options":"nosniff","alt-svc":"h3-29=\":443\"; ma=2592000,h3-T051=\":443\"; ma=2592000,h3-Q050=\":443\"; ma=2592000,h3-Q046=\":443\"; ma=2592000,h3-Q043=\":443\"; ma=2592000,quic=\":443\"; ma=2592000; v=\"46,43\"","accept-ranges":"none","transfer-encoding":"chunked"}
[debug] [2021-03-05T17:59:29.560Z] >>> HTTP REQUEST PUT https://storage.googleapis.com/gcf-upload-us-central1-602c6d85-89e7-4ab6-be9f-d133c406c0ec/0d1c90d2-ce26-4ed2-af41-a8b80c4542f7.zip?GoogleAccessId=service-635681842731@gcf-admin-robot.iam.gserviceaccount.com&Expires=1614968969&Signature=qxVdtCM1sCc%2B1QIWewwsljXGxHIVhs333aXFRcXMN8ksPF8vIwZAeTdwr%2FDL2tAXQXoCpcm9K0R4S9sqrhE%2FXthirzdv00NQhiSt%2Fc2pxUs%2FtjOdYnbDtTNhx3qzmDcwhRPf00rBy%2FukxGwaTGaE7F55KKPw4AGpVqqLq7Oy46qXoANjibpiSNSgQsv4MCUeH21OGc6oznAJidc5Rlw0%2BB%2BfeOR1nM%2Fi2xQB4rOL%2FOU5yBbYR7SCIHWgwl%2BaXULRxelQwCLgAFY1Ini2klHNc1Gdx1jlkI6cCPiC0BFcvn74H8ZfnfS9HevBRmkHkPsyuxGhgAmJAqLSXYtTI5sDnw%3D%3D  
 <request body omitted>
[debug] [2021-03-05T17:59:30.521Z] <<< HTTP RESPONSE 200 {"x-guploader-uploadid":"ABg5-Uzz7-wSdrYxV0SPrwSOni5Y-kQYgounVEbNfCQA_yVOMC9js8s0Vc6UqqJdAdliBBMzJHjblQc_Bd8r_shYxA","etag":"\"aa8eb2c5cb0c4bc26850d33b9bdb114c\"","x-goog-generation":"1614967170798709","x-goog-metageneration":"1","x-goog-hash":"crc32c=MdRktg==, md5=qo6yxcsMS8JoUNM7m9sRTA==","x-goog-stored-content-length":"58707","x-goog-stored-content-encoding":"identity","vary":"Origin","content-length":"0","date":"Fri, 05 Mar 2021 17:59:30 GMT","server":"UploadServer","content-type":"text/html; charset=UTF-8","alt-svc":"h3-29=\":443\"; ma=2592000,h3-T051=\":443\"; ma=2592000,h3-Q050=\":443\"; ma=2592000,h3-Q046=\":443\"; ma=2592000,h3-Q043=\":443\"; ma=2592000,quic=\":443\"; ma=2592000; v=\"46,43\""}
[info] +  functions: functions folder uploaded successfully 
[info] 
The following functions are found in your project but do not exist in your local source code:
	checkUserName(us-central1)
	deleteUnusedMedia(us-central1)

If you are renaming a function or changing its region, it is recommended that you create the new function first before deleting the old one to prevent event loss. For more info, visit https://firebase.google.com/docs/functions/manage-functions#modify

[info] i  functions: deleting function checkUserName(us-central1)... 
[info] i  functions: deleting function deleteUnusedMedia(us-central1)... 
[info] i  functions: creating Node.js 14 (Beta) function checkUserName(europe-west1)... 
[debug] [2021-03-05T17:59:57.027Z] >>> HTTP REQUEST DELETE https://cloudfunctions.googleapis.com/v1/projects/tablicaszubin/locations/us-central1/functions/checkUserName  
 
[debug] [2021-03-05T17:59:57.028Z] >>> HTTP REQUEST DELETE https://cloudfunctions.googleapis.com/v1/projects/tablicaszubin/locations/us-central1/functions/deleteUnusedMedia  
 
[debug] [2021-03-05T17:59:57.028Z] >>> HTTP REQUEST POST https://cloudfunctions.googleapis.com/v1/projects/tablicaszubin/locations/europe-west1/functions  
 {"sourceUploadUrl":"https://storage.googleapis.com/gcf-upload-us-central1-602c6d85-89e7-4ab6-be9f-d133c406c0ec/0d1c90d2-ce26-4ed2-af41-a8b80c4542f7.zip?GoogleAccessId=service-635681842731@gcf-admin-robot.iam.gserviceaccount.com&Expires=1614968969&Signature=qxVdtCM1sCc%2B1QIWewwsljXGxHIVhs333aXFRcXMN8ksPF8vIwZAeTdwr%2FDL2tAXQXoCpcm9K0R4S9sqrhE%2FXthirzdv00NQhiSt%2Fc2pxUs%2FtjOdYnbDtTNhx3qzmDcwhRPf00rBy%2FukxGwaTGaE7F55KKPw4AGpVqqLq7Oy46qXoANjibpiSNSgQsv4MCUeH21OGc6oznAJidc5Rlw0%2BB%2BfeOR1nM%2Fi2xQB4rOL%2FOU5yBbYR7SCIHWgwl%2BaXULRxelQwCLgAFY1Ini2klHNc1Gdx1jlkI6cCPiC0BFcvn74H8ZfnfS9HevBRmkHkPsyuxGhgAmJAqLSXYtTI5sDnw%3D%3D","name":"projects/tablicaszubin/locations/europe-west1/functions/checkUserName","entryPoint":"checkUserName","labels":{"deployment-tool":"cli-firebase"},"runtime":"nodejs14","environmentVariables":{"FIREBASE_CONFIG":"{\"projectId\":\"tablicaszubin\",\"storageBucket\":\"tablicaszubin.appspot.com\",\"locationId\":\"europe-west\"}"},"httpsTrigger":{}}
[debug] [2021-03-05T17:59:57.604Z] <<< HTTP RESPONSE 200 {"content-type":"application/json; charset=UTF-8","vary":"X-Origin, Referer, Origin,Accept-Encoding","date":"Fri, 05 Mar 2021 17:59:57 GMT","server":"ESF","cache-control":"private","x-xss-protection":"0","x-frame-options":"SAMEORIGIN","x-content-type-options":"nosniff","alt-svc":"h3-29=\":443\"; ma=2592000,h3-T051=\":443\"; ma=2592000,h3-Q050=\":443\"; ma=2592000,h3-Q046=\":443\"; ma=2592000,h3-Q043=\":443\"; ma=2592000,quic=\":443\"; ma=2592000; v=\"46,43\"","accept-ranges":"none","transfer-encoding":"chunked"}
[debug] [2021-03-05T17:59:57.606Z] > refreshing access token with scopes: []
[debug] [2021-03-05T17:59:57.606Z] >>> HTTP REQUEST POST https://www.googleapis.com/oauth2/v3/token  
 <request body omitted>
[debug] [2021-03-05T17:59:57.609Z] <<< HTTP RESPONSE 200 {"content-type":"application/json; charset=UTF-8","vary":"X-Origin, Referer, Origin,Accept-Encoding","date":"Fri, 05 Mar 2021 17:59:57 GMT","server":"ESF","cache-control":"private","x-xss-protection":"0","x-frame-options":"SAMEORIGIN","x-content-type-options":"nosniff","alt-svc":"h3-29=\":443\"; ma=2592000,h3-T051=\":443\"; ma=2592000,h3-Q050=\":443\"; ma=2592000,h3-Q046=\":443\"; ma=2592000,h3-Q043=\":443\"; ma=2592000,quic=\":443\"; ma=2592000; v=\"46,43\"","accept-ranges":"none","transfer-encoding":"chunked"}
[debug] [2021-03-05T17:59:57.610Z] > refreshing access token with scopes: []
[debug] [2021-03-05T17:59:57.610Z] >>> HTTP REQUEST POST https://www.googleapis.com/oauth2/v3/token  
 <request body omitted>
[debug] [2021-03-05T17:59:57.723Z] <<< HTTP RESPONSE 200 {"date":"Fri, 05 Mar 2021 17:59:58 GMT","cache-control":"no-cache, no-store, max-age=0, must-revalidate","pragma":"no-cache","expires":"Mon, 01 Jan 1990 00:00:00 GMT","content-type":"application/json; charset=utf-8","vary":"X-Origin, Referer, Origin,Accept-Encoding","server":"scaffolding on HTTPServer2","x-xss-protection":"0","x-frame-options":"SAMEORIGIN","x-content-type-options":"nosniff","alt-svc":"h3-29=\":443\"; ma=2592000,h3-T051=\":443\"; ma=2592000,h3-Q050=\":443\"; ma=2592000,h3-Q046=\":443\"; ma=2592000,h3-Q043=\":443\"; ma=2592000,quic=\":443\"; ma=2592000; v=\"46,43\"","accept-ranges":"none","transfer-encoding":"chunked"}
[debug] [2021-03-05T17:59:57.736Z] >>> [apiv2][query] GET https://cloudfunctions.googleapis.com/v1/operations/dGFibGljYXN6dWJpbi91cy1jZW50cmFsMS9jaGVja1VzZXJOYW1lL0s1OUE5Q2tBRmo0 [none]
[debug] [2021-03-05T17:59:57.738Z] <<< HTTP RESPONSE 200 {"pragma":"no-cache","cache-control":"no-cache, no-store, max-age=0, must-revalidate","date":"Fri, 05 Mar 2021 17:59:58 GMT","expires":"Mon, 01 Jan 1990 00:00:00 GMT","content-type":"application/json; charset=utf-8","vary":"X-Origin, Referer, Origin,Accept-Encoding","server":"scaffolding on HTTPServer2","x-xss-protection":"0","x-frame-options":"SAMEORIGIN","x-content-type-options":"nosniff","alt-svc":"h3-29=\":443\"; ma=2592000,h3-T051=\":443\"; ma=2592000,h3-Q050=\":443\"; ma=2592000,h3-Q046=\":443\"; ma=2592000,h3-Q043=\":443\"; ma=2592000,quic=\":443\"; ma=2592000; v=\"46,43\"","accept-ranges":"none","transfer-encoding":"chunked"}
[debug] [2021-03-05T17:59:57.743Z] >>> [apiv2][query] GET https://cloudfunctions.googleapis.com/v1/operations/dGFibGljYXN6dWJpbi91cy1jZW50cmFsMS9kZWxldGVVbnVzZWRNZWRpYS9paDJaUGpOX0JPOA [none]
[debug] [2021-03-05T17:59:57.938Z] <<< HTTP RESPONSE 200 {"content-type":"application/json; charset=UTF-8","vary":"X-Origin, Referer, Origin,Accept-Encoding","date":"Fri, 05 Mar 2021 17:59:58 GMT","server":"ESF","cache-control":"private","x-xss-protection":"0","x-frame-options":"SAMEORIGIN","x-content-type-options":"nosniff","alt-svc":"h3-29=\":443\"; ma=2592000,h3-T051=\":443\"; ma=2592000,h3-Q050=\":443\"; ma=2592000,h3-Q046=\":443\"; ma=2592000,h3-Q043=\":443\"; ma=2592000,quic=\":443\"; ma=2592000; v=\"46,43\"","accept-ranges":"none","transfer-encoding":"chunked"}
[debug] [2021-03-05T17:59:57.938Z] >>> [apiv2][query] GET https://cloudfunctions.googleapis.com/v1/operations/dGFibGljYXN6dWJpbi9ldXJvcGUtd2VzdDEvY2hlY2tVc2VyTmFtZS9LSWtUWUcxbEF4cw [none]
[debug] [2021-03-05T17:59:58.019Z] <<< [apiv2][status] GET https://cloudfunctions.googleapis.com/v1/operations/dGFibGljYXN6dWJpbi91cy1jZW50cmFsMS9kZWxldGVVbnVzZWRNZWRpYS9paDJaUGpOX0JPOA 200
[debug] [2021-03-05T17:59:58.019Z] <<< [apiv2][body] GET https://cloudfunctions.googleapis.com/v1/operations/dGFibGljYXN6dWJpbi91cy1jZW50cmFsMS9kZWxldGVVbnVzZWRNZWRpYS9paDJaUGpOX0JPOA {"name":"operations/dGFibGljYXN6dWJpbi91cy1jZW50cmFsMS9kZWxldGVVbnVzZWRNZWRpYS9paDJaUGpOX0JPOA","metadata":{"@type":"type.googleapis.com/google.cloud.functions.v1.OperationMetadataV1","target":"projects/tablicaszubin/locations/us-central1/functions/deleteUnusedMedia","type":"DELETE_FUNCTION","request":{"@type":"type.googleapis.com/google.protobuf.Empty"},"updateTime":"2021-03-05T17:59:58Z"}}
[debug] [2021-03-05T17:59:58.019Z] <<< [apiv2][status] GET https://cloudfunctions.googleapis.com/v1/operations/dGFibGljYXN6dWJpbi91cy1jZW50cmFsMS9jaGVja1VzZXJOYW1lL0s1OUE5Q2tBRmo0 200
[debug] [2021-03-05T17:59:58.020Z] <<< [apiv2][body] GET https://cloudfunctions.googleapis.com/v1/operations/dGFibGljYXN6dWJpbi91cy1jZW50cmFsMS9jaGVja1VzZXJOYW1lL0s1OUE5Q2tBRmo0 {"name":"operations/dGFibGljYXN6dWJpbi91cy1jZW50cmFsMS9jaGVja1VzZXJOYW1lL0s1OUE5Q2tBRmo0","metadata":{"@type":"type.googleapis.com/google.cloud.functions.v1.OperationMetadataV1","target":"projects/tablicaszubin/locations/us-central1/functions/checkUserName","type":"DELETE_FUNCTION","request":{"@type":"type.googleapis.com/google.protobuf.Empty"},"updateTime":"2021-03-05T17:59:58Z"}}
[debug] [2021-03-05T17:59:58.167Z] <<< [apiv2][status] GET https://cloudfunctions.googleapis.com/v1/operations/dGFibGljYXN6dWJpbi9ldXJvcGUtd2VzdDEvY2hlY2tVc2VyTmFtZS9LSWtUWUcxbEF4cw 200
[debug] [2021-03-05T17:59:58.167Z] <<< [apiv2][body] GET https://cloudfunctions.googleapis.com/v1/operations/dGFibGljYXN6dWJpbi9ldXJvcGUtd2VzdDEvY2hlY2tVc2VyTmFtZS9LSWtUWUcxbEF4cw {"name":"operations/dGFibGljYXN6dWJpbi9ldXJvcGUtd2VzdDEvY2hlY2tVc2VyTmFtZS9LSWtUWUcxbEF4cw","metadata":{"@type":"type.googleapis.com/google.cloud.functions.v1.OperationMetadataV1","target":"projects/tablicaszubin/locations/europe-west1/functions/checkUserName","type":"CREATE_FUNCTION","request":{"@type":"type.googleapis.com/google.cloud.functions.v1.CloudFunction","name":"projects/tablicaszubin/locations/europe-west1/functions/checkUserName","httpsTrigger":{},"entryPoint":"checkUserName","labels":{"deployment-tool":"cli-firebase"},"sourceUploadUrl":"https://storage.googleapis.com/gcf-upload-us-central1-602c6d85-89e7-4ab6-be9f-d133c406c0ec/0d1c90d2-ce26-4ed2-af41-a8b80c4542f7.zip?GoogleAccessId=service-635681842731@gcf-admin-robot.iam.gserviceaccount.com&Expires=1614968969&Signature=qxVdtCM1sCc%2B1QIWewwsljXGxHIVhs333aXFRcXMN8ksPF8vIwZAeTdwr%2FDL2tAXQXoCpcm9K0R4S9sqrhE%2FXthirzdv00NQhiSt%2Fc2pxUs%2FtjOdYnbDtTNhx3qzmDcwhRPf00rBy%2FukxGwaTGaE7F55KKPw4AGpVqqLq7Oy46qXoANjibpiSNSgQsv4MCUeH21OGc6oznAJidc5Rlw0%2BB%2BfeOR1nM%2Fi2xQB4rOL%2FOU5yBbYR7SCIHWgwl%2BaXULRxelQwCLgAFY1Ini2klHNc1Gdx1jlkI6cCPiC0BFcvn74H8ZfnfS9HevBRmkHkPsyuxGhgAmJAqLSXYtTI5sDnw%3D%3D","environmentVariables":{"FIREBASE_CONFIG":"{\"projectId\":\"tablicaszubin\",\"storageBucket\":\"tablicaszubin.appspot.com\",\"locationId\":\"europe-west\"}"},"runtime":"nodejs14"},"versionId":"1","updateTime":"2021-03-05T17:59:57Z"}}
[debug] [2021-03-05T17:59:58.526Z] [delete-projects/tablicaszubin/locations/us-central1/functions/deleteUnusedMedia] Retrying task index 0
[debug] [2021-03-05T17:59:58.527Z] >>> [apiv2][query] GET https://cloudfunctions.googleapis.com/v1/operations/dGFibGljYXN6dWJpbi91cy1jZW50cmFsMS9kZWxldGVVbnVzZWRNZWRpYS9paDJaUGpOX0JPOA [none]
[debug] [2021-03-05T17:59:58.529Z] [delete-projects/tablicaszubin/locations/us-central1/functions/checkUserName] Retrying task index 0
[debug] [2021-03-05T17:59:58.529Z] >>> [apiv2][query] GET https://cloudfunctions.googleapis.com/v1/operations/dGFibGljYXN6dWJpbi91cy1jZW50cmFsMS9jaGVja1VzZXJOYW1lL0s1OUE5Q2tBRmo0 [none]
[debug] [2021-03-05T17:59:58.667Z] [create-projects/tablicaszubin/locations/europe-west1/functions/checkUserName] Retrying task index 0
[debug] [2021-03-05T17:59:58.667Z] >>> [apiv2][query] GET https://cloudfunctions.googleapis.com/v1/operations/dGFibGljYXN6dWJpbi9ldXJvcGUtd2VzdDEvY2hlY2tVc2VyTmFtZS9LSWtUWUcxbEF4cw [none]
[debug] [2021-03-05T17:59:58.798Z] <<< [apiv2][status] GET https://cloudfunctions.googleapis.com/v1/operations/dGFibGljYXN6dWJpbi91cy1jZW50cmFsMS9kZWxldGVVbnVzZWRNZWRpYS9paDJaUGpOX0JPOA 200
[debug] [2021-03-05T17:59:58.798Z] <<< [apiv2][body] GET https://cloudfunctions.googleapis.com/v1/operations/dGFibGljYXN6dWJpbi91cy1jZW50cmFsMS9kZWxldGVVbnVzZWRNZWRpYS9paDJaUGpOX0JPOA {"name":"operations/dGFibGljYXN6dWJpbi91cy1jZW50cmFsMS9kZWxldGVVbnVzZWRNZWRpYS9paDJaUGpOX0JPOA","metadata":{"@type":"type.googleapis.com/google.cloud.functions.v1.OperationMetadataV1","target":"projects/tablicaszubin/locations/us-central1/functions/deleteUnusedMedia","type":"DELETE_FUNCTION","request":{"@type":"type.googleapis.com/google.protobuf.Empty"},"updateTime":"2021-03-05T17:59:58Z"}}
[debug] [2021-03-05T17:59:58.971Z] <<< [apiv2][status] GET https://cloudfunctions.googleapis.com/v1/operations/dGFibGljYXN6dWJpbi91cy1jZW50cmFsMS9jaGVja1VzZXJOYW1lL0s1OUE5Q2tBRmo0 200
[debug] [2021-03-05T17:59:58.971Z] <<< [apiv2][body] GET https://cloudfunctions.googleapis.com/v1/operations/dGFibGljYXN6dWJpbi91cy1jZW50cmFsMS9jaGVja1VzZXJOYW1lL0s1OUE5Q2tBRmo0 {"name":"operations/dGFibGljYXN6dWJpbi91cy1jZW50cmFsMS9jaGVja1VzZXJOYW1lL0s1OUE5Q2tBRmo0","metadata":{"@type":"type.googleapis.com/google.cloud.functions.v1.OperationMetadataV1","target":"projects/tablicaszubin/locations/us-central1/functions/checkUserName","type":"DELETE_FUNCTION","request":{"@type":"type.googleapis.com/google.protobuf.Empty"},"updateTime":"2021-03-05T17:59:58Z"}}
[debug] [2021-03-05T17:59:58.991Z] <<< [apiv2][status] GET https://cloudfunctions.googleapis.com/v1/operations/dGFibGljYXN6dWJpbi9ldXJvcGUtd2VzdDEvY2hlY2tVc2VyTmFtZS9LSWtUWUcxbEF4cw 200
[debug] [2021-03-05T17:59:58.991Z] <<< [apiv2][body] GET https://cloudfunctions.googleapis.com/v1/operations/dGFibGljYXN6dWJpbi9ldXJvcGUtd2VzdDEvY2hlY2tVc2VyTmFtZS9LSWtUWUcxbEF4cw {"name":"operations/dGFibGljYXN6dWJpbi9ldXJvcGUtd2VzdDEvY2hlY2tVc2VyTmFtZS9LSWtUWUcxbEF4cw","metadata":{"@type":"type.googleapis.com/google.cloud.functions.v1.OperationMetadataV1","target":"projects/tablicaszubin/locations/europe-west1/functions/checkUserName","type":"CREATE_FUNCTION","request":{"@type":"type.googleapis.com/google.cloud.functions.v1.CloudFunction","name":"projects/tablicaszubin/locations/europe-west1/functions/checkUserName","httpsTrigger":{},"entryPoint":"checkUserName","labels":{"deployment-tool":"cli-firebase"},"sourceUploadUrl":"https://storage.googleapis.com/gcf-upload-us-central1-602c6d85-89e7-4ab6-be9f-d133c406c0ec/0d1c90d2-ce26-4ed2-af41-a8b80c4542f7.zip?GoogleAccessId=service-635681842731@gcf-admin-robot.iam.gserviceaccount.com&Expires=1614968969&Signature=qxVdtCM1sCc%2B1QIWewwsljXGxHIVhs333aXFRcXMN8ksPF8vIwZAeTdwr%2FDL2tAXQXoCpcm9K0R4S9sqrhE%2FXthirzdv00NQhiSt%2Fc2pxUs%2FtjOdYnbDtTNhx3qzmDcwhRPf00rBy%2FukxGwaTGaE7F55KKPw4AGpVqqLq7Oy46qXoANjibpiSNSgQsv4MCUeH21OGc6oznAJidc5Rlw0%2BB%2BfeOR1nM%2Fi2xQB4rOL%2FOU5yBbYR7SCIHWgwl%2BaXULRxelQwCLgAFY1Ini2klHNc1Gdx1jlkI6cCPiC0BFcvn74H8ZfnfS9HevBRmkHkPsyuxGhgAmJAqLSXYtTI5sDnw%3D%3D","environmentVariables":{"FIREBASE_CONFIG":"{\"projectId\":\"tablicaszubin\",\"storageBucket\":\"tablicaszubin.appspot.com\",\"locationId\":\"europe-west\"}"},"runtime":"nodejs14"},"versionId":"1","updateTime":"2021-03-05T17:59:58Z"}}
[debug] [2021-03-05T17:59:59.805Z] [delete-projects/tablicaszubin/locations/us-central1/functions/deleteUnusedMedia] Retrying task index 0
[debug] [2021-03-05T17:59:59.805Z] >>> [apiv2][query] GET https://cloudfunctions.googleapis.com/v1/operations/dGFibGljYXN6dWJpbi91cy1jZW50cmFsMS9kZWxldGVVbnVzZWRNZWRpYS9paDJaUGpOX0JPOA [none]
[debug] [2021-03-05T17:59:59.971Z] [delete-projects/tablicaszubin/locations/us-central1/functions/checkUserName] Retrying task index 0
[debug] [2021-03-05T17:59:59.971Z] >>> [apiv2][query] GET https://cloudfunctions.googleapis.com/v1/operations/dGFibGljYXN6dWJpbi91cy1jZW50cmFsMS9jaGVja1VzZXJOYW1lL0s1OUE5Q2tBRmo0 [none]
[debug] [2021-03-05T17:59:59.991Z] [create-projects/tablicaszubin/locations/europe-west1/functions/checkUserName] Retrying task index 0
[debug] [2021-03-05T17:59:59.991Z] >>> [apiv2][query] GET https://cloudfunctions.googleapis.com/v1/operations/dGFibGljYXN6dWJpbi9ldXJvcGUtd2VzdDEvY2hlY2tVc2VyTmFtZS9LSWtUWUcxbEF4cw [none]
[debug] [2021-03-05T18:00:00.178Z] <<< [apiv2][status] GET https://cloudfunctions.googleapis.com/v1/operations/dGFibGljYXN6dWJpbi9ldXJvcGUtd2VzdDEvY2hlY2tVc2VyTmFtZS9LSWtUWUcxbEF4cw 200
[debug] [2021-03-05T18:00:00.178Z] <<< [apiv2][body] GET https://cloudfunctions.googleapis.com/v1/operations/dGFibGljYXN6dWJpbi9ldXJvcGUtd2VzdDEvY2hlY2tVc2VyTmFtZS9LSWtUWUcxbEF4cw {"name":"operations/dGFibGljYXN6dWJpbi9ldXJvcGUtd2VzdDEvY2hlY2tVc2VyTmFtZS9LSWtUWUcxbEF4cw","metadata":{"@type":"type.googleapis.com/google.cloud.functions.v1.OperationMetadataV1","target":"projects/tablicaszubin/locations/europe-west1/functions/checkUserName","type":"CREATE_FUNCTION","request":{"@type":"type.googleapis.com/google.cloud.functions.v1.CloudFunction","name":"projects/tablicaszubin/locations/europe-west1/functions/checkUserName","httpsTrigger":{},"entryPoint":"checkUserName","labels":{"deployment-tool":"cli-firebase"},"sourceUploadUrl":"https://storage.googleapis.com/gcf-upload-us-central1-602c6d85-89e7-4ab6-be9f-d133c406c0ec/0d1c90d2-ce26-4ed2-af41-a8b80c4542f7.zip?GoogleAccessId=service-635681842731@gcf-admin-robot.iam.gserviceaccount.com&Expires=1614968969&Signature=qxVdtCM1sCc%2B1QIWewwsljXGxHIVhs333aXFRcXMN8ksPF8vIwZAeTdwr%2FDL2tAXQXoCpcm9K0R4S9sqrhE%2FXthirzdv00NQhiSt%2Fc2pxUs%2FtjOdYnbDtTNhx3qzmDcwhRPf00rBy%2FukxGwaTGaE7F55KKPw4AGpVqqLq7Oy46qXoANjibpiSNSgQsv4MCUeH21OGc6oznAJidc5Rlw0%2BB%2BfeOR1nM%2Fi2xQB4rOL%2FOU5yBbYR7SCIHWgwl%2BaXULRxelQwCLgAFY1Ini2klHNc1Gdx1jlkI6cCPiC0BFcvn74H8ZfnfS9HevBRmkHkPsyuxGhgAmJAqLSXYtTI5sDnw%3D%3D","environmentVariables":{"FIREBASE_CONFIG":"{\"projectId\":\"tablicaszubin\",\"storageBucket\":\"tablicaszubin.appspot.com\",\"locationId\":\"europe-west\"}"},"runtime":"nodejs14"},"versionId":"1","updateTime":"2021-03-05T17:59:58Z"}}
[debug] [2021-03-05T18:00:00.230Z] <<< [apiv2][status] GET https://cloudfunctions.googleapis.com/v1/operations/dGFibGljYXN6dWJpbi91cy1jZW50cmFsMS9kZWxldGVVbnVzZWRNZWRpYS9paDJaUGpOX0JPOA 200
[debug] [2021-03-05T18:00:00.230Z] <<< [apiv2][body] GET https://cloudfunctions.googleapis.com/v1/operations/dGFibGljYXN6dWJpbi91cy1jZW50cmFsMS9kZWxldGVVbnVzZWRNZWRpYS9paDJaUGpOX0JPOA {"name":"operations/dGFibGljYXN6dWJpbi91cy1jZW50cmFsMS9kZWxldGVVbnVzZWRNZWRpYS9paDJaUGpOX0JPOA","metadata":{"@type":"type.googleapis.com/google.cloud.functions.v1.OperationMetadataV1","target":"projects/tablicaszubin/locations/us-central1/functions/deleteUnusedMedia","type":"DELETE_FUNCTION","request":{"@type":"type.googleapis.com/google.protobuf.Empty"},"updateTime":"2021-03-05T17:59:58Z"}}
[debug] [2021-03-05T18:00:00.260Z] <<< [apiv2][status] GET https://cloudfunctions.googleapis.com/v1/operations/dGFibGljYXN6dWJpbi91cy1jZW50cmFsMS9jaGVja1VzZXJOYW1lL0s1OUE5Q2tBRmo0 200
[debug] [2021-03-05T18:00:00.260Z] <<< [apiv2][body] GET https://cloudfunctions.googleapis.com/v1/operations/dGFibGljYXN6dWJpbi91cy1jZW50cmFsMS9jaGVja1VzZXJOYW1lL0s1OUE5Q2tBRmo0 {"name":"operations/dGFibGljYXN6dWJpbi91cy1jZW50cmFsMS9jaGVja1VzZXJOYW1lL0s1OUE5Q2tBRmo0","metadata":{"@type":"type.googleapis.com/google.cloud.functions.v1.OperationMetadataV1","target":"projects/tablicaszubin/locations/us-central1/functions/checkUserName","type":"DELETE_FUNCTION","request":{"@type":"type.googleapis.com/google.protobuf.Empty"},"updateTime":"2021-03-05T17:59:58Z"}}
[debug] [2021-03-05T18:00:02.179Z] [create-projects/tablicaszubin/locations/europe-west1/functions/checkUserName] Retrying task index 0
[debug] [2021-03-05T18:00:02.180Z] >>> [apiv2][query] GET https://cloudfunctions.googleapis.com/v1/operations/dGFibGljYXN6dWJpbi9ldXJvcGUtd2VzdDEvY2hlY2tVc2VyTmFtZS9LSWtUWUcxbEF4cw [none]
[debug] [2021-03-05T18:00:02.242Z] [delete-projects/tablicaszubin/locations/us-central1/functions/deleteUnusedMedia] Retrying task index 0
[debug] [2021-03-05T18:00:02.244Z] >>> [apiv2][query] GET https://cloudfunctions.googleapis.com/v1/operations/dGFibGljYXN6dWJpbi91cy1jZW50cmFsMS9kZWxldGVVbnVzZWRNZWRpYS9paDJaUGpOX0JPOA [none]
[debug] [2021-03-05T18:00:02.266Z] [delete-projects/tablicaszubin/locations/us-central1/functions/checkUserName] Retrying task index 0
[debug] [2021-03-05T18:00:02.266Z] >>> [apiv2][query] GET https://cloudfunctions.googleapis.com/v1/operations/dGFibGljYXN6dWJpbi91cy1jZW50cmFsMS9jaGVja1VzZXJOYW1lL0s1OUE5Q2tBRmo0 [none]
[debug] [2021-03-05T18:00:02.365Z] <<< [apiv2][status] GET https://cloudfunctions.googleapis.com/v1/operations/dGFibGljYXN6dWJpbi9ldXJvcGUtd2VzdDEvY2hlY2tVc2VyTmFtZS9LSWtUWUcxbEF4cw 200
[debug] [2021-03-05T18:00:02.365Z] <<< [apiv2][body] GET https://cloudfunctions.googleapis.com/v1/operations/dGFibGljYXN6dWJpbi9ldXJvcGUtd2VzdDEvY2hlY2tVc2VyTmFtZS9LSWtUWUcxbEF4cw {"name":"operations/dGFibGljYXN6dWJpbi9ldXJvcGUtd2VzdDEvY2hlY2tVc2VyTmFtZS9LSWtUWUcxbEF4cw","metadata":{"@type":"type.googleapis.com/google.cloud.functions.v1.OperationMetadataV1","target":"projects/tablicaszubin/locations/europe-west1/functions/checkUserName","type":"CREATE_FUNCTION","request":{"@type":"type.googleapis.com/google.cloud.functions.v1.CloudFunction","name":"projects/tablicaszubin/locations/europe-west1/functions/checkUserName","httpsTrigger":{},"entryPoint":"checkUserName","labels":{"deployment-tool":"cli-firebase"},"sourceUploadUrl":"https://storage.googleapis.com/gcf-upload-us-central1-602c6d85-89e7-4ab6-be9f-d133c406c0ec/0d1c90d2-ce26-4ed2-af41-a8b80c4542f7.zip?GoogleAccessId=service-635681842731@gcf-admin-robot.iam.gserviceaccount.com&Expires=1614968969&Signature=qxVdtCM1sCc%2B1QIWewwsljXGxHIVhs333aXFRcXMN8ksPF8vIwZAeTdwr%2FDL2tAXQXoCpcm9K0R4S9sqrhE%2FXthirzdv00NQhiSt%2Fc2pxUs%2FtjOdYnbDtTNhx3qzmDcwhRPf00rBy%2FukxGwaTGaE7F55KKPw4AGpVqqLq7Oy46qXoANjibpiSNSgQsv4MCUeH21OGc6oznAJidc5Rlw0%2BB%2BfeOR1nM%2Fi2xQB4rOL%2FOU5yBbYR7SCIHWgwl%2BaXULRxelQwCLgAFY1Ini2klHNc1Gdx1jlkI6cCPiC0BFcvn74H8ZfnfS9HevBRmkHkPsyuxGhgAmJAqLSXYtTI5sDnw%3D%3D","environmentVariables":{"FIREBASE_CONFIG":"{\"projectId\":\"tablicaszubin\",\"storageBucket\":\"tablicaszubin.appspot.com\",\"locationId\":\"europe-west\"}"},"runtime":"nodejs14"},"versionId":"1","updateTime":"2021-03-05T17:59:58Z"}}
[debug] [2021-03-05T18:00:02.523Z] <<< [apiv2][status] GET https://cloudfunctions.googleapis.com/v1/operations/dGFibGljYXN6dWJpbi91cy1jZW50cmFsMS9kZWxldGVVbnVzZWRNZWRpYS9paDJaUGpOX0JPOA 200
[debug] [2021-03-05T18:00:02.523Z] <<< [apiv2][body] GET https://cloudfunctions.googleapis.com/v1/operations/dGFibGljYXN6dWJpbi91cy1jZW50cmFsMS9kZWxldGVVbnVzZWRNZWRpYS9paDJaUGpOX0JPOA {"name":"operations/dGFibGljYXN6dWJpbi91cy1jZW50cmFsMS9kZWxldGVVbnVzZWRNZWRpYS9paDJaUGpOX0JPOA","metadata":{"@type":"type.googleapis.com/google.cloud.functions.v1.OperationMetadataV1","target":"projects/tablicaszubin/locations/us-central1/functions/deleteUnusedMedia","type":"DELETE_FUNCTION","request":{"@type":"type.googleapis.com/google.protobuf.Empty"},"updateTime":"2021-03-05T18:00:00Z"},"done":true,"response":{"@type":"type.googleapis.com/google.protobuf.Empty"}}
[info] +  functions[deleteUnusedMedia(us-central1)]: Successful delete operation.  
[debug] [2021-03-05T18:00:02.539Z] <<< [apiv2][status] GET https://cloudfunctions.googleapis.com/v1/operations/dGFibGljYXN6dWJpbi91cy1jZW50cmFsMS9jaGVja1VzZXJOYW1lL0s1OUE5Q2tBRmo0 200
[debug] [2021-03-05T18:00:02.539Z] <<< [apiv2][body] GET https://cloudfunctions.googleapis.com/v1/operations/dGFibGljYXN6dWJpbi91cy1jZW50cmFsMS9jaGVja1VzZXJOYW1lL0s1OUE5Q2tBRmo0 {"name":"operations/dGFibGljYXN6dWJpbi91cy1jZW50cmFsMS9jaGVja1VzZXJOYW1lL0s1OUE5Q2tBRmo0","metadata":{"@type":"type.googleapis.com/google.cloud.functions.v1.OperationMetadataV1","target":"projects/tablicaszubin/locations/us-central1/functions/checkUserName","type":"DELETE_FUNCTION","request":{"@type":"type.googleapis.com/google.protobuf.Empty"},"updateTime":"2021-03-05T18:00:00Z"},"done":true,"response":{"@type":"type.googleapis.com/google.protobuf.Empty"}}
[info] +  functions[checkUserName(us-central1)]: Successful delete operation.  
[debug] [2021-03-05T18:00:06.386Z] [create-projects/tablicaszubin/locations/europe-west1/functions/checkUserName] Retrying task index 0
[debug] [2021-03-05T18:00:06.386Z] >>> [apiv2][query] GET https://cloudfunctions.googleapis.com/v1/operations/dGFibGljYXN6dWJpbi9ldXJvcGUtd2VzdDEvY2hlY2tVc2VyTmFtZS9LSWtUWUcxbEF4cw [none]
[debug] [2021-03-05T18:00:06.748Z] <<< [apiv2][status] GET https://cloudfunctions.googleapis.com/v1/operations/dGFibGljYXN6dWJpbi9ldXJvcGUtd2VzdDEvY2hlY2tVc2VyTmFtZS9LSWtUWUcxbEF4cw 200
[debug] [2021-03-05T18:00:06.748Z] <<< [apiv2][body] GET https://cloudfunctions.googleapis.com/v1/operations/dGFibGljYXN6dWJpbi9ldXJvcGUtd2VzdDEvY2hlY2tVc2VyTmFtZS9LSWtUWUcxbEF4cw {"name":"operations/dGFibGljYXN6dWJpbi9ldXJvcGUtd2VzdDEvY2hlY2tVc2VyTmFtZS9LSWtUWUcxbEF4cw","metadata":{"@type":"type.googleapis.com/google.cloud.functions.v1.OperationMetadataV1","target":"projects/tablicaszubin/locations/europe-west1/functions/checkUserName","type":"CREATE_FUNCTION","request":{"@type":"type.googleapis.com/google.cloud.functions.v1.CloudFunction","name":"projects/tablicaszubin/locations/europe-west1/functions/checkUserName","httpsTrigger":{},"entryPoint":"checkUserName","labels":{"deployment-tool":"cli-firebase"},"sourceUploadUrl":"https://storage.googleapis.com/gcf-upload-us-central1-602c6d85-89e7-4ab6-be9f-d133c406c0ec/0d1c90d2-ce26-4ed2-af41-a8b80c4542f7.zip?GoogleAccessId=service-635681842731@gcf-admin-robot.iam.gserviceaccount.com&Expires=1614968969&Signature=qxVdtCM1sCc%2B1QIWewwsljXGxHIVhs333aXFRcXMN8ksPF8vIwZAeTdwr%2FDL2tAXQXoCpcm9K0R4S9sqrhE%2FXthirzdv00NQhiSt%2Fc2pxUs%2FtjOdYnbDtTNhx3qzmDcwhRPf00rBy%2FukxGwaTGaE7F55KKPw4AGpVqqLq7Oy46qXoANjibpiSNSgQsv4MCUeH21OGc6oznAJidc5Rlw0%2BB%2BfeOR1nM%2Fi2xQB4rOL%2FOU5yBbYR7SCIHWgwl%2BaXULRxelQwCLgAFY1Ini2klHNc1Gdx1jlkI6cCPiC0BFcvn74H8ZfnfS9HevBRmkHkPsyuxGhgAmJAqLSXYtTI5sDnw%3D%3D","environmentVariables":{"FIREBASE_CONFIG":"{\"projectId\":\"tablicaszubin\",\"storageBucket\":\"tablicaszubin.appspot.com\",\"locationId\":\"europe-west\"}"},"runtime":"nodejs14"},"versionId":"1","updateTime":"2021-03-05T17:59:58Z"}}
[debug] [2021-03-05T18:00:14.757Z] [create-projects/tablicaszubin/locations/europe-west1/functions/checkUserName] Retrying task index 0
[debug] [2021-03-05T18:00:14.757Z] >>> [apiv2][query] GET https://cloudfunctions.googleapis.com/v1/operations/dGFibGljYXN6dWJpbi9ldXJvcGUtd2VzdDEvY2hlY2tVc2VyTmFtZS9LSWtUWUcxbEF4cw [none]
[debug] [2021-03-05T18:00:15.081Z] <<< [apiv2][status] GET https://cloudfunctions.googleapis.com/v1/operations/dGFibGljYXN6dWJpbi9ldXJvcGUtd2VzdDEvY2hlY2tVc2VyTmFtZS9LSWtUWUcxbEF4cw 200
[debug] [2021-03-05T18:00:15.081Z] <<< [apiv2][body] GET https://cloudfunctions.googleapis.com/v1/operations/dGFibGljYXN6dWJpbi9ldXJvcGUtd2VzdDEvY2hlY2tVc2VyTmFtZS9LSWtUWUcxbEF4cw {"name":"operations/dGFibGljYXN6dWJpbi9ldXJvcGUtd2VzdDEvY2hlY2tVc2VyTmFtZS9LSWtUWUcxbEF4cw","metadata":{"@type":"type.googleapis.com/google.cloud.functions.v1.OperationMetadataV1","target":"projects/tablicaszubin/locations/europe-west1/functions/checkUserName","type":"CREATE_FUNCTION","request":{"@type":"type.googleapis.com/google.cloud.functions.v1.CloudFunction","name":"projects/tablicaszubin/locations/europe-west1/functions/checkUserName","httpsTrigger":{},"entryPoint":"checkUserName","labels":{"deployment-tool":"cli-firebase"},"sourceUploadUrl":"https://storage.googleapis.com/gcf-upload-us-central1-602c6d85-89e7-4ab6-be9f-d133c406c0ec/0d1c90d2-ce26-4ed2-af41-a8b80c4542f7.zip?GoogleAccessId=service-635681842731@gcf-admin-robot.iam.gserviceaccount.com&Expires=1614968969&Signature=qxVdtCM1sCc%2B1QIWewwsljXGxHIVhs333aXFRcXMN8ksPF8vIwZAeTdwr%2FDL2tAXQXoCpcm9K0R4S9sqrhE%2FXthirzdv00NQhiSt%2Fc2pxUs%2FtjOdYnbDtTNhx3qzmDcwhRPf00rBy%2FukxGwaTGaE7F55KKPw4AGpVqqLq7Oy46qXoANjibpiSNSgQsv4MCUeH21OGc6oznAJidc5Rlw0%2BB%2BfeOR1nM%2Fi2xQB4rOL%2FOU5yBbYR7SCIHWgwl%2BaXULRxelQwCLgAFY1Ini2klHNc1Gdx1jlkI6cCPiC0BFcvn74H8ZfnfS9HevBRmkHkPsyuxGhgAmJAqLSXYtTI5sDnw%3D%3D","environmentVariables":{"FIREBASE_CONFIG":"{\"projectId\":\"tablicaszubin\",\"storageBucket\":\"tablicaszubin.appspot.com\",\"locationId\":\"europe-west\"}"},"runtime":"nodejs14"},"versionId":"1","updateTime":"2021-03-05T17:59:58Z","buildId":"f7edc1d6-dd7d-4954-a08f-7c1bb14d1714"}}
[debug] [2021-03-05T18:00:31.085Z] [create-projects/tablicaszubin/locations/europe-west1/functions/checkUserName] Retrying task index 0
[debug] [2021-03-05T18:00:31.086Z] >>> [apiv2][query] GET https://cloudfunctions.googleapis.com/v1/operations/dGFibGljYXN6dWJpbi9ldXJvcGUtd2VzdDEvY2hlY2tVc2VyTmFtZS9LSWtUWUcxbEF4cw [none]
[debug] [2021-03-05T18:00:31.251Z] <<< [apiv2][status] GET https://cloudfunctions.googleapis.com/v1/operations/dGFibGljYXN6dWJpbi9ldXJvcGUtd2VzdDEvY2hlY2tVc2VyTmFtZS9LSWtUWUcxbEF4cw 200
[debug] [2021-03-05T18:00:31.252Z] <<< [apiv2][body] GET https://cloudfunctions.googleapis.com/v1/operations/dGFibGljYXN6dWJpbi9ldXJvcGUtd2VzdDEvY2hlY2tVc2VyTmFtZS9LSWtUWUcxbEF4cw {"name":"operations/dGFibGljYXN6dWJpbi9ldXJvcGUtd2VzdDEvY2hlY2tVc2VyTmFtZS9LSWtUWUcxbEF4cw","metadata":{"@type":"type.googleapis.com/google.cloud.functions.v1.OperationMetadataV1","target":"projects/tablicaszubin/locations/europe-west1/functions/checkUserName","type":"CREATE_FUNCTION","request":{"@type":"type.googleapis.com/google.cloud.functions.v1.CloudFunction","name":"projects/tablicaszubin/locations/europe-west1/functions/checkUserName","httpsTrigger":{},"entryPoint":"checkUserName","labels":{"deployment-tool":"cli-firebase"},"sourceUploadUrl":"https://storage.googleapis.com/gcf-upload-us-central1-602c6d85-89e7-4ab6-be9f-d133c406c0ec/0d1c90d2-ce26-4ed2-af41-a8b80c4542f7.zip?GoogleAccessId=service-635681842731@gcf-admin-robot.iam.gserviceaccount.com&Expires=1614968969&Signature=qxVdtCM1sCc%2B1QIWewwsljXGxHIVhs333aXFRcXMN8ksPF8vIwZAeTdwr%2FDL2tAXQXoCpcm9K0R4S9sqrhE%2FXthirzdv00NQhiSt%2Fc2pxUs%2FtjOdYnbDtTNhx3qzmDcwhRPf00rBy%2FukxGwaTGaE7F55KKPw4AGpVqqLq7Oy46qXoANjibpiSNSgQsv4MCUeH21OGc6oznAJidc5Rlw0%2BB%2BfeOR1nM%2Fi2xQB4rOL%2FOU5yBbYR7SCIHWgwl%2BaXULRxelQwCLgAFY1Ini2klHNc1Gdx1jlkI6cCPiC0BFcvn74H8ZfnfS9HevBRmkHkPsyuxGhgAmJAqLSXYtTI5sDnw%3D%3D","environmentVariables":{"FIREBASE_CONFIG":"{\"projectId\":\"tablicaszubin\",\"storageBucket\":\"tablicaszubin.appspot.com\",\"locationId\":\"europe-west\"}"},"runtime":"nodejs14"},"versionId":"1","updateTime":"2021-03-05T17:59:58Z","buildId":"f7edc1d6-dd7d-4954-a08f-7c1bb14d1714"}}
[debug] [2021-03-05T18:01:03.258Z] [create-projects/tablicaszubin/locations/europe-west1/functions/checkUserName] Retrying task index 0
[debug] [2021-03-05T18:01:03.259Z] >>> [apiv2][query] GET https://cloudfunctions.googleapis.com/v1/operations/dGFibGljYXN6dWJpbi9ldXJvcGUtd2VzdDEvY2hlY2tVc2VyTmFtZS9LSWtUWUcxbEF4cw [none]
[debug] [2021-03-05T18:01:03.444Z] <<< [apiv2][status] GET https://cloudfunctions.googleapis.com/v1/operations/dGFibGljYXN6dWJpbi9ldXJvcGUtd2VzdDEvY2hlY2tVc2VyTmFtZS9LSWtUWUcxbEF4cw 200
[debug] [2021-03-05T18:01:03.444Z] <<< [apiv2][body] GET https://cloudfunctions.googleapis.com/v1/operations/dGFibGljYXN6dWJpbi9ldXJvcGUtd2VzdDEvY2hlY2tVc2VyTmFtZS9LSWtUWUcxbEF4cw {"name":"operations/dGFibGljYXN6dWJpbi9ldXJvcGUtd2VzdDEvY2hlY2tVc2VyTmFtZS9LSWtUWUcxbEF4cw","metadata":{"@type":"type.googleapis.com/google.cloud.functions.v1.OperationMetadataV1","target":"projects/tablicaszubin/locations/europe-west1/functions/checkUserName","type":"CREATE_FUNCTION","request":{"@type":"type.googleapis.com/google.cloud.functions.v1.CloudFunction","name":"projects/tablicaszubin/locations/europe-west1/functions/checkUserName","httpsTrigger":{},"entryPoint":"checkUserName","labels":{"deployment-tool":"cli-firebase"},"sourceUploadUrl":"https://storage.googleapis.com/gcf-upload-us-central1-602c6d85-89e7-4ab6-be9f-d133c406c0ec/0d1c90d2-ce26-4ed2-af41-a8b80c4542f7.zip?GoogleAccessId=service-635681842731@gcf-admin-robot.iam.gserviceaccount.com&Expires=1614968969&Signature=qxVdtCM1sCc%2B1QIWewwsljXGxHIVhs333aXFRcXMN8ksPF8vIwZAeTdwr%2FDL2tAXQXoCpcm9K0R4S9sqrhE%2FXthirzdv00NQhiSt%2Fc2pxUs%2FtjOdYnbDtTNhx3qzmDcwhRPf00rBy%2FukxGwaTGaE7F55KKPw4AGpVqqLq7Oy46qXoANjibpiSNSgQsv4MCUeH21OGc6oznAJidc5Rlw0%2BB%2BfeOR1nM%2Fi2xQB4rOL%2FOU5yBbYR7SCIHWgwl%2BaXULRxelQwCLgAFY1Ini2klHNc1Gdx1jlkI6cCPiC0BFcvn74H8ZfnfS9HevBRmkHkPsyuxGhgAmJAqLSXYtTI5sDnw%3D%3D","environmentVariables":{"FIREBASE_CONFIG":"{\"projectId\":\"tablicaszubin\",\"storageBucket\":\"tablicaszubin.appspot.com\",\"locationId\":\"europe-west\"}"},"runtime":"nodejs14"},"versionId":"1","updateTime":"2021-03-05T17:59:58Z","buildId":"f7edc1d6-dd7d-4954-a08f-7c1bb14d1714"}}
